2025-09-01 12:12:12,674 - INFO - Ingesting begin_inventory.csv in db
2025-09-01 12:12:14,676 - INFO - Ingesting end_inventory.csv in db
2025-09-01 12:12:24,508 - INFO - Ingesting purchases.csv in db
2025-09-01 12:13:38,334 - INFO - Ingesting purchase_prices.csv in db
2025-09-01 12:14:03,178 - INFO - Ingesting sales.csv in db
2025-09-01 12:26:57,692 - INFO - Ingesting vendor_invoice.csv in db
2025-09-01 12:26:57,970 - INFO - -----------Ingestion Complete-------------
2025-09-01 12:26:57,970 - INFO - 
Total Time Taken: 14.760636528333029 minutes
2025-09-01 20:04:17,759 - INFO - Creating Vendor Summary Table.....
2025-09-01 20:06:09,951 - INFO -    VendorNumber                   VendorName  Brand              Description  \
0          1128  BROWN-FORMAN CORP             1233  Jack Daniels No 7 Black   
1          4425        MARTIGNETTI COMPANIES   3405    Tito's Handmade Vodka   
2         17035  PERNOD RICARD USA             8068         Absolut 80 Proof   
3          3960  DIAGEO NORTH AMERICA INC      4261   Capt Morgan Spiced Rum   
4          3960  DIAGEO NORTH AMERICA INC      3545          Ketel One Vodka   

   PurchasePrice  ActualPrice Volume  TotalPurchaseQuantity  \
0          26.27        36.99   1750                 145080   
1          23.19        28.99   1750                 164038   
2          18.24        24.99   1750                 187407   
3          16.17        22.99   1750                 201682   
4          21.89        29.99   1750                 138109   

   TotalPurchaseDollars  TotalSalesQuantity  TotalSalesDollars  \
0            3811251.60            142049.0         5101919.51   
1            3804041.22            160247.0         4819073.49   
2            3418303.68            187140.0         4538120.60   
3            3261197.94            200412.0         4475972.88   
4            3023206.01            135838.0         4223107.62   

   TotalSalesPrice  TotalExciseTax  FreightCost  
0        672819.31       260999.20     68601.68  
1        561512.37       294438.66    144929.24  
2        461140.15       343854.07    123780.22  
3        420050.01       368242.80    257032.07  
4        545778.28       249587.83    257032.07  
2025-09-01 20:06:09,969 - INFO - Cleaning Data.....
2025-09-01 20:08:04,903 - INFO - Creating Vendor Summary Table.....
2025-09-01 20:09:55,664 - INFO -    VendorNumber                   VendorName  Brand              Description  \
0          1128  BROWN-FORMAN CORP             1233  Jack Daniels No 7 Black   
1          4425        MARTIGNETTI COMPANIES   3405    Tito's Handmade Vodka   
2         17035  PERNOD RICARD USA             8068         Absolut 80 Proof   
3          3960  DIAGEO NORTH AMERICA INC      4261   Capt Morgan Spiced Rum   
4          3960  DIAGEO NORTH AMERICA INC      3545          Ketel One Vodka   

   PurchasePrice  ActualPrice Volume  TotalPurchaseQuantity  \
0          26.27        36.99   1750                 145080   
1          23.19        28.99   1750                 164038   
2          18.24        24.99   1750                 187407   
3          16.17        22.99   1750                 201682   
4          21.89        29.99   1750                 138109   

   TotalPurchaseDollars  TotalSalesQuantity  TotalSalesDollars  \
0            3811251.60            142049.0         5101919.51   
1            3804041.22            160247.0         4819073.49   
2            3418303.68            187140.0         4538120.60   
3            3261197.94            200412.0         4475972.88   
4            3023206.01            135838.0         4223107.62   

   TotalSalesPrice  TotalExciseTax  FreightCost  
0        672819.31       260999.20     68601.68  
1        561512.37       294438.66    144929.24  
2        461140.15       343854.07    123780.22  
3        420050.01       368242.80    257032.07  
4        545778.28       249587.83    257032.07  
2025-09-01 20:09:55,680 - INFO - Cleaning Data.....
2025-09-01 20:11:19,197 - INFO - Creating Vendor Summary Table.....
2025-09-01 20:13:10,789 - INFO -    VendorNumber                   VendorName  Brand              Description  \
0          1128  BROWN-FORMAN CORP             1233  Jack Daniels No 7 Black   
1          4425        MARTIGNETTI COMPANIES   3405    Tito's Handmade Vodka   
2         17035  PERNOD RICARD USA             8068         Absolut 80 Proof   
3          3960  DIAGEO NORTH AMERICA INC      4261   Capt Morgan Spiced Rum   
4          3960  DIAGEO NORTH AMERICA INC      3545          Ketel One Vodka   

   PurchasePrice  ActualPrice Volume  TotalPurchaseQuantity  \
0          26.27        36.99   1750                 145080   
1          23.19        28.99   1750                 164038   
2          18.24        24.99   1750                 187407   
3          16.17        22.99   1750                 201682   
4          21.89        29.99   1750                 138109   

   TotalPurchaseDollars  TotalSalesQuantity  TotalSalesDollars  \
0            3811251.60            142049.0         5101919.51   
1            3804041.22            160247.0         4819073.49   
2            3418303.68            187140.0         4538120.60   
3            3261197.94            200412.0         4475972.88   
4            3023206.01            135838.0         4223107.62   

   TotalSalesPrice  TotalExciseTax  FreightCost  
0        672819.31       260999.20     68601.68  
1        561512.37       294438.66    144929.24  
2        461140.15       343854.07    123780.22  
3        420050.01       368242.80    257032.07  
4        545778.28       249587.83    257032.07  
2025-09-01 20:13:10,802 - INFO - Cleaning Data.....
2025-09-01 20:14:09,656 - INFO - Creating Vendor Summary Table.....
2025-09-01 20:15:57,638 - INFO -    VendorNumber                   VendorName  Brand              Description  \
0          1128  BROWN-FORMAN CORP             1233  Jack Daniels No 7 Black   
1          4425        MARTIGNETTI COMPANIES   3405    Tito's Handmade Vodka   
2         17035  PERNOD RICARD USA             8068         Absolut 80 Proof   
3          3960  DIAGEO NORTH AMERICA INC      4261   Capt Morgan Spiced Rum   
4          3960  DIAGEO NORTH AMERICA INC      3545          Ketel One Vodka   

   PurchasePrice  ActualPrice Volume  TotalPurchaseQuantity  \
0          26.27        36.99   1750                 145080   
1          23.19        28.99   1750                 164038   
2          18.24        24.99   1750                 187407   
3          16.17        22.99   1750                 201682   
4          21.89        29.99   1750                 138109   

   TotalPurchaseDollars  TotalSalesQuantity  TotalSalesDollars  \
0            3811251.60            142049.0         5101919.51   
1            3804041.22            160247.0         4819073.49   
2            3418303.68            187140.0         4538120.60   
3            3261197.94            200412.0         4475972.88   
4            3023206.01            135838.0         4223107.62   

   TotalSalesPrice  TotalExciseTax  FreightCost  
0        672819.31       260999.20     68601.68  
1        561512.37       294438.66    144929.24  
2        461140.15       343854.07    123780.22  
3        420050.01       368242.80    257032.07  
4        545778.28       249587.83    257032.07  
2025-09-01 20:15:57,651 - INFO - Cleaning Data.....
2025-09-01 20:18:25,503 - INFO - Creating Vendor Summary Table...
2025-09-01 20:20:19,521 - INFO -    VendorNumber                   VendorName  Brand              Description  PurchasePrice  ActualPrice Volume  TotalPurchaseQuantity  TotalPurchaseDollars  TotalSalesQuantity  TotalSalesDollars  TotalSalesPrice  TotalExciseTax  FreightCost
0          1128  BROWN-FORMAN CORP             1233  Jack Daniels No 7 Black          26.27        36.99   1750                 145080            3811251.60            142049.0         5101919.51        672819.31       260999.20     68601.68
1          4425        MARTIGNETTI COMPANIES   3405    Tito's Handmade Vodka          23.19        28.99   1750                 164038            3804041.22            160247.0         4819073.49        561512.37       294438.66    144929.24
2         17035  PERNOD RICARD USA             8068         Absolut 80 Proof          18.24        24.99   1750                 187407            3418303.68            187140.0         4538120.60        461140.15       343854.07    123780.22
3          3960  DIAGEO NORTH AMERICA INC      4261   Capt Morgan Spiced Rum          16.17        22.99   1750                 201682            3261197.94            200412.0         4475972.88        420050.01       368242.80    257032.07
4          3960  DIAGEO NORTH AMERICA INC      3545          Ketel One Vodka          21.89        29.99   1750                 138109            3023206.01            135838.0         4223107.62        545778.28       249587.83    257032.07
2025-09-01 20:20:19,521 - INFO - Cleaning Data...
2025-09-01 20:20:19,615 - INFO -    VendorNumber                VendorName  Brand              Description  PurchasePrice  ActualPrice  Volume  TotalPurchaseQuantity  TotalPurchaseDollars  TotalSalesQuantity  TotalSalesDollars  TotalSalesPrice  TotalExciseTax  FreightCost  GrossProfit  ProfitMargin  StockTurnover  SalestoPurchaseRatio
0          1128         BROWN-FORMAN CORP   1233  Jack Daniels No 7 Black          26.27        36.99  1750.0                 145080            3811251.60            142049.0         5101919.51        672819.31       260999.20     68601.68   1290667.91      0.252977       0.979108              1.338647
1          4425     MARTIGNETTI COMPANIES   3405    Tito's Handmade Vodka          23.19        28.99  1750.0                 164038            3804041.22            160247.0         4819073.49        561512.37       294438.66    144929.24   1015032.27      0.210628       0.976890              1.266830
2         17035         PERNOD RICARD USA   8068         Absolut 80 Proof          18.24        24.99  1750.0                 187407            3418303.68            187140.0         4538120.60        461140.15       343854.07    123780.22   1119816.92      0.246758       0.998575              1.327594
3          3960  DIAGEO NORTH AMERICA INC   4261   Capt Morgan Spiced Rum          16.17        22.99  1750.0                 201682            3261197.94            200412.0         4475972.88        420050.01       368242.80    257032.07   1214774.94      0.271399       0.993703              1.372493
4          3960  DIAGEO NORTH AMERICA INC   3545          Ketel One Vodka          21.89        29.99  1750.0                 138109            3023206.01            135838.0         4223107.62        545778.28       249587.83    257032.07   1199901.61      0.284128       0.983556              1.396897
2025-09-01 20:20:19,615 - INFO - Ingesting data...
2025-09-01 20:20:19,828 - INFO - Completed
